e:\gcn\svn_114_server\trunk\framwork\framworkap\x64\debug\vc140.pdb
e:\gcn\svn_114_server\trunk\framwork\framworkap\x64\debug\tradepacket.obj
e:\gcn\svn_114_server\trunk\framwork\framworkap\x64\debug\processinterfaceks.obj
e:\gcn\svn_114_server\trunk\framwork\framworkap\x64\debug\processinterfacekc.obj
e:\gcn\svn_114_server\trunk\framwork\framworkap\x64\debug\processinterfaceh2c.obj
e:\gcn\svn_114_server\trunk\framwork\framworkap\x64\debug\processinterfaceh1c.obj
e:\gcn\svn_114_server\trunk\framwork\framworkap\x64\debug\processinterfacecmd.obj
e:\gcn\svn_114_server\trunk\framwork\framworkap\x64\debug\pairpacket.obj
e:\gcn\svn_114_server\trunk\framwork\framworkap\x64\debug\linepacket.obj
e:\gcn\svn_114_server\trunk\framwork\framworkap\x64\debug\ipcpacket.obj
e:\gcn\svn_114_server\trunk\framwork\framworkap\x64\debug\hashtablemsg.obj
e:\gcn\svn_114_server\trunk\framwork\framworkap\x64\debug\broadcastpacket.obj
e:\gcn\svn_114_server\trunk\framwork\framworkap\x64\debug\arraylistmsg.obj
e:\gcn\svn_114_server\bin_cplus_64\framworkapd.lib
e:\gcn\svn_114_server\bin_cplus_64\framworkapd.exp
e:\gcn\svn_114_server\bin_cplus_64\framworkapd.ilk
e:\gcn\svn_114_server\bin_cplus_64\framworkapd.dll
e:\gcn\svn_114_server\bin_cplus_64\framworkapd.map
e:\gcn\svn_114_server\bin_cplus_64\framworkapd.pdb
e:\gcn\svn_114_server\trunk\framwork\framworkap\..\..\..\bin_cplus_64\framworkapd.dll
e:\gcn\svn_114_server\trunk\framwork\framworkap\x64\debug\framworkap.tlog\cl.command.1.tlog
e:\gcn\svn_114_server\trunk\framwork\framworkap\x64\debug\framworkap.tlog\cl.read.1.tlog
e:\gcn\svn_114_server\trunk\framwork\framworkap\x64\debug\framworkap.tlog\cl.write.1.tlog
e:\gcn\svn_114_server\trunk\framwork\framworkap\x64\debug\framworkap.tlog\framworkap.write.1u.tlog
e:\gcn\svn_114_server\trunk\framwork\framworkap\x64\debug\framworkap.tlog\link.command.1.tlog
e:\gcn\svn_114_server\trunk\framwork\framworkap\x64\debug\framworkap.tlog\link.read.1.tlog
e:\gcn\svn_114_server\trunk\framwork\framworkap\x64\debug\framworkap.tlog\link.write.1.tlog
