e:\gcn\svn_114_server\trunk\framwork\utility\x64\debug\vc140.pdb
e:\gcn\svn_114_server\trunk\framwork\utility\x64\debug\threadinterface.obj
e:\gcn\svn_114_server\trunk\framwork\utility\x64\debug\strutils.obj
e:\gcn\svn_114_server\trunk\framwork\utility\x64\debug\netlogdev.obj
e:\gcn\svn_114_server\trunk\framwork\utility\x64\debug\md5.obj
e:\gcn\svn_114_server\trunk\framwork\utility\x64\debug\logger.obj
e:\gcn\svn_114_server\trunk\framwork\utility\x64\debug\logdevice.obj
e:\gcn\svn_114_server\trunk\framwork\utility\x64\debug\gesstimerposix.obj
e:\gcn\svn_114_server\trunk\framwork\utility\x64\debug\gesstimermgr.obj
e:\gcn\svn_114_server\trunk\framwork\utility\x64\debug\gesstime.obj
e:\gcn\svn_114_server\trunk\framwork\utility\x64\debug\gessdatetime.obj
e:\gcn\svn_114_server\trunk\framwork\utility\x64\debug\gessdate.obj
e:\gcn\svn_114_server\trunk\framwork\utility\x64\debug\filelogdev.obj
e:\gcn\svn_114_server\trunk\framwork\utility\x64\debug\encode.obj
e:\gcn\svn_114_server\trunk\framwork\utility\x64\debug\consolelogdev.obj
e:\gcn\svn_114_server\trunk\framwork\utility\x64\debug\configimpl.obj
e:\gcn\svn_114_server\bin_cplus_64\utilityd.lib
e:\gcn\svn_114_server\bin_cplus_64\utilityd.exp
e:\gcn\svn_114_server\trunk\framwork\utility\x64\debug\utility.tlog\cl.command.1.tlog
e:\gcn\svn_114_server\trunk\framwork\utility\x64\debug\utility.tlog\cl.read.1.tlog
e:\gcn\svn_114_server\trunk\framwork\utility\x64\debug\utility.tlog\cl.write.1.tlog
e:\gcn\svn_114_server\trunk\framwork\utility\x64\debug\utility.tlog\link.command.1.tlog
e:\gcn\svn_114_server\trunk\framwork\utility\x64\debug\utility.tlog\link.read.1.tlog
e:\gcn\svn_114_server\trunk\framwork\utility\x64\debug\utility.tlog\link.write.1.tlog
e:\gcn\svn_114_server\trunk\framwork\utility\x64\debug\utility.tlog\utility.write.1u.tlog
