  ConfigImpl.cpp
  ConsoleLogDev.cpp
  Encode.cpp
  FileLogDev.cpp
  GessDate.cpp
  GessDateTime.cpp
  GessTime.cpp
  GessTimerMgr.cpp
Src\GessTimerMgr.cpp(145): warning C4311: 'reinterpret_cast': pointer truncation from 'CGessTimer *' to 'unsigned long'
Src\GessTimerMgr.cpp(145): warning C4302: 'reinterpret_cast': truncation from 'CGessTimer *' to 'unsigned long'
  GessTimerPosix.cpp
  LogDevice.cpp
  Logger.cpp
  MD5.cpp
  NetLogDev.cpp
  strutils.cpp
src\strutils.cpp(661): warning C4838: conversion from 'int' to 'unsigned char' requires a narrowing conversion
  ThreadInterface.cpp
  Generating Code...
     Creating library ..\..\..\BIN_CPLUS_64\UtilityD.lib and object ..\..\..\BIN_CPLUS_64\UtilityD.exp
  Utility_2008.vcxproj -> E:\GCN\SVN_114_Server\qt_client\Framwork\Utility\..\..\..\BIN_CPLUS_64\UtilityD.dll
