e:\gcn\svn_114_server\trunk\framwork\commframwork\x64\debug\vc140.pdb
e:\gcn\svn_114_server\bin_cplus_64\commframworkd.lib
e:\gcn\svn_114_server\bin_cplus_64\commframworkd.exp
e:\gcn\svn_114_server\bin_cplus_64\commframworkd.ilk
e:\gcn\svn_114_server\bin_cplus_64\commframworkd.dll
e:\gcn\svn_114_server\bin_cplus_64\commframworkd.map
e:\gcn\svn_114_server\bin_cplus_64\commframworkd.pdb
e:\gcn\svn_114_server\trunk\framwork\commframwork\x64\debug\connector.obj
e:\gcn\svn_114_server\trunk\framwork\commframwork\x64\debug\listener.obj
e:\gcn\svn_114_server\trunk\framwork\commframwork\x64\debug\protocolcomm.obj
e:\gcn\svn_114_server\trunk\framwork\commframwork\x64\debug\protocolprocess.obj
e:\gcn\svn_114_server\trunk\framwork\commframwork\x64\debug\selector.obj
e:\gcn\svn_114_server\trunk\framwork\commframwork\x64\debug\workthreadnm.obj
e:\gcn\svn_114_server\trunk\framwork\commframwork\..\..\..\bin_cplus_64\commframworkd.dll
e:\gcn\svn_114_server\trunk\framwork\commframwork\x64\debug\commframwork.tlog\cl.command.1.tlog
e:\gcn\svn_114_server\trunk\framwork\commframwork\x64\debug\commframwork.tlog\cl.read.1.tlog
e:\gcn\svn_114_server\trunk\framwork\commframwork\x64\debug\commframwork.tlog\cl.write.1.tlog
e:\gcn\svn_114_server\trunk\framwork\commframwork\x64\debug\commframwork.tlog\commframwork.write.1u.tlog
e:\gcn\svn_114_server\trunk\framwork\commframwork\x64\debug\commframwork.tlog\link.command.1.tlog
e:\gcn\svn_114_server\trunk\framwork\commframwork\x64\debug\commframwork.tlog\link.read.1.tlog
e:\gcn\svn_114_server\trunk\framwork\commframwork\x64\debug\commframwork.tlog\link.write.1.tlog
