2018-05-16 16:44:15 E_SYSINFO CTcpShortComm::Connect:533 与[10.0.2.122:12443]的连接成功
2018-05-16 16:44:16 E_DEBUG CTcpShortProcess::SendPacket:527 Begin Recv Data
2018-05-16 16:44:17 E_DEBUG CTcpShortProcess::SendPacket:549 Recv Bytes:776,Total:0,Left time:29 
2018-05-16 16:44:17 E_DEBUG CTcpShortProcess::SendPacket:615 Recv Bytes Total:776
2018-05-16 16:45:07 E_SYSINFO CTcpShortComm::Connect:533 与[10.0.2.122:15201]的连接成功
2018-05-16 16:45:07 E_DEBUG CTcpShortProcess::SendPacket:527 Begin Recv Data
2018-05-16 16:45:07 E_DEBUG CTcpShortProcess::SendPacket:549 Recv Bytes:2920,Total:0,Left time:30 
2018-05-16 16:45:07 E_DEBUG CTcpShortProcess::SendPacket:549 Recv Bytes:1176,Total:2920,Left time:30 
2018-05-16 16:45:07 E_DEBUG CTcpShortProcess::SendPacket:549 Recv Bytes:4096,Total:4096,Left time:30 
2018-05-16 16:45:07 E_DEBUG CTcpShortProcess::SendPacket:549 Recv Bytes:4096,Total:8192,Left time:30 
2018-05-16 16:45:07 E_DEBUG CTcpShortProcess::SendPacket:549 Recv Bytes:2312,Total:12288,Left time:30 
2018-05-16 16:45:07 E_DEBUG CTcpShortProcess::SendPacket:549 Recv Bytes:1784,Total:14600,Left time:30 
2018-05-16 16:45:07 E_DEBUG CTcpShortProcess::SendPacket:549 Recv Bytes:457,Total:16384,Left time:30 
2018-05-16 16:45:07 E_DEBUG CTcpShortProcess::SendPacket:615 Recv Bytes Total:16841
2018-05-16 16:45:36 E_SYSINFO CTcpShortComm::Connect:533 与[10.0.2.122:15201]的连接成功
2018-05-16 16:45:36 E_DEBUG CTcpShortProcess::SendPacket:527 Begin Recv Data
2018-05-16 16:45:37 E_DEBUG CTcpShortProcess::SendPacket:549 Recv Bytes:4096,Total:0,Left time:29 
2018-05-16 16:45:37 E_DEBUG CTcpShortProcess::SendPacket:549 Recv Bytes:4096,Total:4096,Left time:29 
2018-05-16 16:45:37 E_DEBUG CTcpShortProcess::SendPacket:549 Recv Bytes:2068,Total:8192,Left time:29 
2018-05-16 16:45:37 E_DEBUG CTcpShortProcess::SendPacket:615 Recv Bytes Total:10260
2018-05-16 16:45:37 E_SYSINFO CTcpShortComm::Connect:533 与[10.0.2.122:15201]的连接成功
2018-05-16 16:45:37 E_DEBUG CTcpShortProcess::SendPacket:527 Begin Recv Data
2018-05-16 16:45:37 E_DEBUG CTcpShortProcess::SendPacket:549 Recv Bytes:4096,Total:0,Left time:30 
2018-05-16 16:45:37 E_DEBUG CTcpShortProcess::SendPacket:549 Recv Bytes:4096,Total:4096,Left time:30 
2018-05-16 16:45:37 E_DEBUG CTcpShortProcess::SendPacket:549 Recv Bytes:2068,Total:8192,Left time:30 
2018-05-16 16:45:37 E_DEBUG CTcpShortProcess::SendPacket:615 Recv Bytes Total:10260
2018-05-16 16:45:37 E_SYSINFO CTcpShortComm::Connect:533 与[10.0.2.122:15201]的连接成功
2018-05-16 16:45:37 E_DEBUG CTcpShortProcess::SendPacket:527 Begin Recv Data
2018-05-16 16:45:37 E_DEBUG CTcpShortProcess::SendPacket:549 Recv Bytes:1068,Total:0,Left time:30 
2018-05-16 16:45:37 E_DEBUG CTcpShortProcess::SendPacket:615 Recv Bytes Total:1068
2018-05-16 16:45:37 E_NOTICE CCommHandler::OpenInterfaceYCEx:516 初始化连接点YC
2018-05-16 16:45:37 E_SYSINFO CConnector::NotifyConnect:106 NotifyConnect
2018-05-16 16:45:37 E_SYSINFO CConnector::ThreadEntry:196 与[10.0.2.122:17201]的连接成功
2018-05-16 16:45:38 E_SYSINFO CTcpShortComm::Connect:533 与[10.0.2.122:15201]的连接成功
2018-05-16 16:45:38 E_DEBUG CTcpShortProcess::SendPacket:527 Begin Recv Data
2018-05-16 16:45:38 E_DEBUG CTcpShortProcess::SendPacket:549 Recv Bytes:843,Total:0,Left time:30 
2018-05-16 16:45:38 E_DEBUG CTcpShortProcess::SendPacket:615 Recv Bytes Total:843
2018-05-16 18:06:08 E_SYSINFO CTcpShortComm::Connect:533 与[10.0.2.122:12443]的连接成功
2018-05-16 18:06:10 E_DEBUG CTcpShortProcess::SendPacket:527 Begin Recv Data
2018-05-16 18:06:10 E_DEBUG CTcpShortProcess::SendPacket:549 Recv Bytes:776,Total:0,Left time:30 
2018-05-16 18:06:10 E_DEBUG CTcpShortProcess::SendPacket:615 Recv Bytes Total:776
2018-05-16 18:06:10 E_SYSINFO CTcpShortComm::Connect:533 与[10.0.2.122:15201]的连接成功
2018-05-16 18:06:10 E_DEBUG CTcpShortProcess::SendPacket:527 Begin Recv Data
2018-05-16 18:06:10 E_DEBUG CTcpShortProcess::SendPacket:549 Recv Bytes:4096,Total:0,Left time:30 
2018-05-16 18:06:10 E_DEBUG CTcpShortProcess::SendPacket:549 Recv Bytes:4096,Total:4096,Left time:30 
2018-05-16 18:06:10 E_DEBUG CTcpShortProcess::SendPacket:549 Recv Bytes:4096,Total:8192,Left time:30 
2018-05-16 18:06:10 E_DEBUG CTcpShortProcess::SendPacket:549 Recv Bytes:4096,Total:12288,Left time:30 
2018-05-16 18:06:10 E_DEBUG CTcpShortProcess::SendPacket:549 Recv Bytes:459,Total:16384,Left time:30 
2018-05-16 18:06:10 E_DEBUG CTcpShortProcess::SendPacket:615 Recv Bytes Total:16843
2018-05-16 18:06:10 E_SYSINFO CTcpShortComm::Connect:533 与[10.0.2.122:15201]的连接成功
2018-05-16 18:06:10 E_DEBUG CTcpShortProcess::SendPacket:527 Begin Recv Data
2018-05-16 18:06:10 E_DEBUG CTcpShortProcess::SendPacket:549 Recv Bytes:2920,Total:0,Left time:30 
2018-05-16 18:06:10 E_DEBUG CTcpShortProcess::SendPacket:549 Recv Bytes:1176,Total:2920,Left time:30 
2018-05-16 18:06:10 E_DEBUG CTcpShortProcess::SendPacket:549 Recv Bytes:284,Total:4096,Left time:30 
2018-05-16 18:06:10 E_DEBUG CTcpShortProcess::SendPacket:549 Recv Bytes:3812,Total:4380,Left time:30 
2018-05-16 18:06:10 E_DEBUG CTcpShortProcess::SendPacket:549 Recv Bytes:2068,Total:8192,Left time:30 
2018-05-16 18:06:10 E_DEBUG CTcpShortProcess::SendPacket:615 Recv Bytes Total:10260
2018-05-16 18:06:10 E_SYSINFO CTcpShortComm::Connect:533 与[10.0.2.122:15201]的连接成功
2018-05-16 18:06:10 E_DEBUG CTcpShortProcess::SendPacket:527 Begin Recv Data
2018-05-16 18:06:10 E_DEBUG CTcpShortProcess::SendPacket:549 Recv Bytes:2920,Total:0,Left time:30 
2018-05-16 18:06:10 E_DEBUG CTcpShortProcess::SendPacket:549 Recv Bytes:1176,Total:2920,Left time:30 
2018-05-16 18:06:10 E_DEBUG CTcpShortProcess::SendPacket:549 Recv Bytes:4096,Total:4096,Left time:30 
2018-05-16 18:06:10 E_DEBUG CTcpShortProcess::SendPacket:549 Recv Bytes:2068,Total:8192,Left time:30 
2018-05-16 18:06:10 E_DEBUG CTcpShortProcess::SendPacket:615 Recv Bytes Total:10260
2018-05-16 18:06:10 E_SYSINFO CTcpShortComm::Connect:533 与[10.0.2.122:15201]的连接成功
2018-05-16 18:06:10 E_DEBUG CTcpShortProcess::SendPacket:527 Begin Recv Data
2018-05-16 18:06:10 E_DEBUG CTcpShortProcess::SendPacket:549 Recv Bytes:1068,Total:0,Left time:30 
2018-05-16 18:06:10 E_DEBUG CTcpShortProcess::SendPacket:615 Recv Bytes Total:1068
2018-05-16 18:06:10 E_NOTICE CCommHandler::OpenInterfaceYCEx:516 初始化连接点YC
2018-05-16 18:06:10 E_SYSINFO CConnector::NotifyConnect:106 NotifyConnect
2018-05-16 18:06:10 E_SYSINFO CConnector::ThreadEntry:196 与[10.0.2.122:17201]的连接成功
2018-05-16 18:06:11 E_SYSINFO CTcpShortComm::Connect:533 与[10.0.2.122:15201]的连接成功
2018-05-16 18:06:11 E_DEBUG CTcpShortProcess::SendPacket:527 Begin Recv Data
2018-05-16 18:06:11 E_DEBUG CTcpShortProcess::SendPacket:549 Recv Bytes:843,Total:0,Left time:30 
2018-05-16 18:06:11 E_DEBUG CTcpShortProcess::SendPacket:615 Recv Bytes Total:843
2018-05-16 18:34:24 E_SYSINFO CTcpShortComm::Connect:533 与[10.0.2.122:15201]的连接成功
2018-05-16 18:34:24 E_DEBUG CTcpShortProcess::SendPacket:527 Begin Recv Data
2018-05-16 18:34:24 E_DEBUG CTcpShortProcess::SendPacket:549 Recv Bytes:115,Total:0,Left time:20 
2018-05-16 18:34:24 E_DEBUG CTcpShortProcess::SendPacket:615 Recv Bytes Total:115
2018-05-16 18:34:43 E_SYSINFO CTcpShortComm::Connect:533 与[10.0.2.122:12443]的连接成功
2018-05-16 18:34:44 E_DEBUG CTcpShortProcess::SendPacket:527 Begin Recv Data
2018-05-16 18:34:44 E_DEBUG CTcpShortProcess::SendPacket:549 Recv Bytes:776,Total:0,Left time:30 
2018-05-16 18:34:44 E_DEBUG CTcpShortProcess::SendPacket:615 Recv Bytes Total:776
2018-05-16 18:34:44 E_SYSINFO CTcpShortComm::Connect:533 与[10.0.2.122:15201]的连接成功
2018-05-16 18:34:44 E_DEBUG CTcpShortProcess::SendPacket:527 Begin Recv Data
2018-05-16 18:34:44 E_DEBUG CTcpShortProcess::SendPacket:549 Recv Bytes:4096,Total:0,Left time:30 
2018-05-16 18:34:44 E_DEBUG CTcpShortProcess::SendPacket:549 Recv Bytes:284,Total:4096,Left time:30 
2018-05-16 18:34:44 E_DEBUG CTcpShortProcess::SendPacket:549 Recv Bytes:3812,Total:4380,Left time:30 
2018-05-16 18:34:44 E_DEBUG CTcpShortProcess::SendPacket:549 Recv Bytes:4096,Total:8192,Left time:30 
2018-05-16 18:34:44 E_DEBUG CTcpShortProcess::SendPacket:549 Recv Bytes:2312,Total:12288,Left time:30 
2018-05-16 18:34:44 E_DEBUG CTcpShortProcess::SendPacket:549 Recv Bytes:1784,Total:14600,Left time:30 
2018-05-16 18:34:44 E_DEBUG CTcpShortProcess::SendPacket:549 Recv Bytes:454,Total:16384,Left time:30 
2018-05-16 18:34:44 E_DEBUG CTcpShortProcess::SendPacket:615 Recv Bytes Total:16838
2018-05-16 18:34:44 E_SYSINFO CTcpShortComm::Connect:533 与[10.0.2.122:15201]的连接成功
2018-05-16 18:34:44 E_DEBUG CTcpShortProcess::SendPacket:527 Begin Recv Data
2018-05-16 18:34:44 E_DEBUG CTcpShortProcess::SendPacket:549 Recv Bytes:4096,Total:0,Left time:30 
2018-05-16 18:34:44 E_DEBUG CTcpShortProcess::SendPacket:549 Recv Bytes:4096,Total:4096,Left time:30 
2018-05-16 18:34:44 E_DEBUG CTcpShortProcess::SendPacket:549 Recv Bytes:2068,Total:8192,Left time:30 
2018-05-16 18:34:44 E_DEBUG CTcpShortProcess::SendPacket:615 Recv Bytes Total:10260
2018-05-16 18:34:44 E_SYSINFO CTcpShortComm::Connect:533 与[10.0.2.122:15201]的连接成功
2018-05-16 18:34:44 E_DEBUG CTcpShortProcess::SendPacket:527 Begin Recv Data
2018-05-16 18:34:44 E_DEBUG CTcpShortProcess::SendPacket:549 Recv Bytes:1460,Total:0,Left time:30 
2018-05-16 18:34:44 E_DEBUG CTcpShortProcess::SendPacket:549 Recv Bytes:1460,Total:1460,Left time:30 
2018-05-16 18:34:44 E_DEBUG CTcpShortProcess::SendPacket:549 Recv Bytes:1176,Total:2920,Left time:30 
2018-05-16 18:34:44 E_DEBUG CTcpShortProcess::SendPacket:549 Recv Bytes:4096,Total:4096,Left time:30 
2018-05-16 18:34:44 E_DEBUG CTcpShortProcess::SendPacket:549 Recv Bytes:2068,Total:8192,Left time:30 
2018-05-16 18:34:44 E_DEBUG CTcpShortProcess::SendPacket:615 Recv Bytes Total:10260
2018-05-16 18:34:44 E_SYSINFO CTcpShortComm::Connect:533 与[10.0.2.122:15201]的连接成功
2018-05-16 18:34:44 E_DEBUG CTcpShortProcess::SendPacket:527 Begin Recv Data
2018-05-16 18:34:44 E_DEBUG CTcpShortProcess::SendPacket:549 Recv Bytes:1068,Total:0,Left time:30 
2018-05-16 18:34:44 E_DEBUG CTcpShortProcess::SendPacket:615 Recv Bytes Total:1068
2018-05-16 18:34:44 E_NOTICE CCommHandler::OpenInterfaceYCEx:516 初始化连接点YC
2018-05-16 18:34:44 E_SYSINFO CConnector::NotifyConnect:106 NotifyConnect
2018-05-16 18:34:44 E_SYSINFO CConnector::ThreadEntry:196 与[10.0.2.122:17201]的连接成功
2018-05-16 18:34:45 E_SYSINFO CTcpShortComm::Connect:533 与[10.0.2.122:15201]的连接成功
2018-05-16 18:34:45 E_DEBUG CTcpShortProcess::SendPacket:527 Begin Recv Data
2018-05-16 18:34:45 E_DEBUG CTcpShortProcess::SendPacket:549 Recv Bytes:843,Total:0,Left time:30 
2018-05-16 18:34:45 E_DEBUG CTcpShortProcess::SendPacket:615 Recv Bytes Total:843
